Using pre-set license
Built from '2021.3/staging' branch; Version is '2021.3.8f1 (b30333d56e81) revision 11731763'; Using compiler version '192829333'; Build Type 'Release'
OS: 'Windows 11  (10.0.22000) 64bit CoreSingleLanguage' Language: 'tr' Physical Memory: 8029 MB
BatchMode: 1, IsHumanControllingUs: 0, StartBugReporterOnCrash: 0, Is64bit: 1, IsPro: 1

COMMAND LINE ARGUMENTS:
C:\Program Files\Unity\Hub\Editor\2021.3.8f1\Editor\Unity.exe
-adb2
-batchMode
-noUpm
-name
AssetImportWorker2
-projectPath
C:/demo
-logFile
Logs/AssetImportWorker2.log
-srvPort
57034
Successfully changed project path to: C:/demo
C:/demo
[UnityMemory] Configuration Parameters - Can be set up in boot.config
    "memorysetup-bucket-allocator-granularity=16"
    "memorysetup-bucket-allocator-bucket-count=8"
    "memorysetup-bucket-allocator-block-size=33554432"
    "memorysetup-bucket-allocator-block-count=8"
    "memorysetup-main-allocator-block-size=16777216"
    "memorysetup-thread-allocator-block-size=16777216"
    "memorysetup-gfx-main-allocator-block-size=16777216"
    "memorysetup-gfx-thread-allocator-block-size=16777216"
    "memorysetup-cache-allocator-block-size=4194304"
    "memorysetup-typetree-allocator-block-size=2097152"
    "memorysetup-profiler-bucket-allocator-granularity=16"
    "memorysetup-profiler-bucket-allocator-bucket-count=8"
    "memorysetup-profiler-bucket-allocator-block-size=33554432"
    "memorysetup-profiler-bucket-allocator-block-count=8"
    "memorysetup-profiler-allocator-block-size=16777216"
    "memorysetup-profiler-editor-allocator-block-size=1048576"
    "memorysetup-temp-allocator-size-main=16777216"
    "memorysetup-job-temp-allocator-block-size=2097152"
    "memorysetup-job-temp-allocator-block-size-background=1048576"
    "memorysetup-job-temp-allocator-reduction-small-platforms=262144"
    "memorysetup-temp-allocator-size-background-worker=32768"
    "memorysetup-temp-allocator-size-job-worker=262144"
    "memorysetup-temp-allocator-size-preload-manager=33554432"
    "memorysetup-temp-allocator-size-nav-mesh-worker=65536"
    "memorysetup-temp-allocator-size-audio-worker=65536"
    "memorysetup-temp-allocator-size-cloud-worker=32768"
    "memorysetup-temp-allocator-size-gi-baking-worker=262144"
    "memorysetup-temp-allocator-size-gfx=262144"
Refreshing native plugins compatible for Editor in 151.20 ms, found 4 plugins.
Preloading 0 native plugins for Editor in 0.00 ms.
Initialize engine version: 2021.3.8f1 (b30333d56e81)
[Subsystems] Discovering subsystems at path C:/Program Files/Unity/Hub/Editor/2021.3.8f1/Editor/Data/Resources/UnitySubsystems
[Subsystems] Discovering subsystems at path C:/demo/Assets
GfxDevice: creating device client; threaded=0; jobified=0
Direct3D:
    Version:  Direct3D 11.0 [level 11.1]
    Renderer: NVIDIA GeForce GTX 1650 Ti (ID=0x1f95)
    Vendor:   NVIDIA
    VRAM:     3962 MB
    Driver:   30.0.15.1289
Initialize mono
Mono path[0] = 'C:/Program Files/Unity/Hub/Editor/2021.3.8f1/Editor/Data/Managed'
Mono path[1] = 'C:/Program Files/Unity/Hub/Editor/2021.3.8f1/Editor/Data/MonoBleedingEdge/lib/mono/unityjit-win32'
Mono config path = 'C:/Program Files/Unity/Hub/Editor/2021.3.8f1/Editor/Data/MonoBleedingEdge/etc'
Using monoOptions --debugger-agent=transport=dt_socket,embedding=1,server=y,suspend=n,address=127.0.0.1:56288
Begin MonoManager ReloadAssembly
Registering precompiled unity dll's ...
Register platform support module: C:/Program Files/Unity/Hub/Editor/2021.3.8f1/Editor/Data/PlaybackEngines/AndroidPlayer/UnityEditor.Android.Extensions.dll
Register platform support module: C:/Program Files/Unity/Hub/Editor/2021.3.8f1/Editor/Data/PlaybackEngines/WindowsStandaloneSupport/UnityEditor.WindowsStandalone.Extensions.dll
Registered in 0.011175 seconds.
Native extension for WindowsStandalone target not found
Native extension for Android target not found
Refreshing native plugins compatible for Editor in 149.45 ms, found 4 plugins.
Preloading 0 native plugins for Editor in 0.00 ms.
Mono: successfully reloaded assembly
- Completed reload, in  1.012 seconds
Domain Reload Profiling:
	ReloadAssembly (1012ms)
		BeginReloadAssembly (120ms)
			ExecutionOrderSort (0ms)
			DisableScriptedObjects (0ms)
			BackupInstance (0ms)
			ReleaseScriptingObjects (0ms)
			CreateAndSetChildDomain (1ms)
		EndReloadAssembly (739ms)
			LoadAssemblies (116ms)
			RebuildTransferFunctionScriptingTraits (0ms)
			SetupTypeCache (185ms)
			ReleaseScriptCaches (0ms)
			RebuildScriptCaches (45ms)
			SetupLoadedEditorAssemblies (440ms)
				LogAssemblyErrors (0ms)
				InitializePlatformSupportModulesInManaged (77ms)
				SetLoadedEditorAssemblies (0ms)
				RefreshPlugins (150ms)
				BeforeProcessingInitializeOnLoad (2ms)
				ProcessInitializeOnLoadAttributes (137ms)
				ProcessInitializeOnLoadMethodAttributes (73ms)
				AfterProcessingInitializeOnLoad (0ms)
				EditorAssembliesLoaded (0ms)
			ExecutionOrderSort2 (0ms)
			AwakeInstancesAfterBackupRestoration (0ms)
Platform modules already initialized, skipping
Registering precompiled user dll's ...
Registered in 0.028326 seconds.
Begin MonoManager ReloadAssembly
Symbol file LoadedFromMemory doesn't match image C:\demo\Library\PackageCache\com.unity.visualscripting@1.7.8\Editor\VisualScripting.Core\Dependencies\DotNetZip\Unity.VisualScripting.IonicZip.dll
Symbol file LoadedFromMemory doesn't match image C:\demo\Library\PackageCache\com.unity.visualscripting@1.7.8\Editor\VisualScripting.Core\Dependencies\YamlDotNet\Unity.VisualScripting.YamlDotNet.dll
Native extension for WindowsStandalone target not found
Native extension for Android target not found
Refreshing native plugins compatible for Editor in 123.26 ms, found 4 plugins.
Preloading 0 native plugins for Editor in 0.00 ms.
Mono: successfully reloaded assembly
- Completed reload, in  1.914 seconds
Domain Reload Profiling:
	ReloadAssembly (1915ms)
		BeginReloadAssembly (369ms)
			ExecutionOrderSort (0ms)
			DisableScriptedObjects (10ms)
			BackupInstance (0ms)
			ReleaseScriptingObjects (0ms)
			CreateAndSetChildDomain (170ms)
		EndReloadAssembly (1362ms)
			LoadAssemblies (189ms)
			RebuildTransferFunctionScriptingTraits (0ms)
			SetupTypeCache (341ms)
			ReleaseScriptCaches (1ms)
			RebuildScriptCaches (80ms)
			SetupLoadedEditorAssemblies (755ms)
				LogAssemblyErrors (0ms)
				InitializePlatformSupportModulesInManaged (16ms)
				SetLoadedEditorAssemblies (0ms)
				RefreshPlugins (123ms)
				BeforeProcessingInitializeOnLoad (175ms)
				ProcessInitializeOnLoadAttributes (378ms)
				ProcessInitializeOnLoadMethodAttributes (54ms)
				AfterProcessingInitializeOnLoad (9ms)
				EditorAssembliesLoaded (0ms)
			ExecutionOrderSort2 (0ms)
			AwakeInstancesAfterBackupRestoration (6ms)
Platform modules already initialized, skipping
========================================================================
Worker process is ready to serve import requests
Launched and connected shader compiler UnityShaderCompiler.exe after 0.08 seconds
Refreshing native plugins compatible for Editor in 2.14 ms, found 4 plugins.
Preloading 0 native plugins for Editor in 0.00 ms.
Unloading 4195 Unused Serialized files (Serialized files now loaded: 0)
Unloading 111 unused Assets / (226.1 KB). Loaded Objects now: 4599.
Memory consumption went from 156.8 MB to 156.6 MB.
Total: 5.673700 ms (FindLiveObjects: 0.533700 ms CreateObjectMapping: 0.507700 ms MarkObjects: 4.364300 ms  DeleteObjects: 0.266400 ms)

AssetImportParameters requested are different than current active one (requested -> active):
  custom:video-decoder-ogg-theora: a1e56fd34408186e4bbccfd4996cb3dc -> 
  custom:container-muxer-webm: aa71ff27fc2769a1b78a27578f13a17b -> 
  custom:container-demuxer-webm: 4f35f7cbe854078d1ac9338744f61a02 -> 
  custom:video-encoder-webm-vp8: eb34c28f22e8b96e1ab97ce403110664 -> 
  custom:audio-encoder-webm-vorbis: bf7c407c2cedff20999df2af8eb42d56 -> 
  custom:framework-win-MediaFoundation: 216162199b28c13a410421893ffa2e32 -> 
  custom:container-demuxer-ogg: 62fdf1f143b41e24485cea50d1cbac27 -> 
  custom:video-decoder-webm-vp8: 9c59270c3fd7afecdb556c50c9e8de78 -> 
  custom:audio-decoder-ogg-vorbis: bf7c407c2cedff20999df2af8eb42d56 -> 
========================================================================
Received Import Request.
  Time since last request: 1433221.715619 seconds.
  path: Assets/Sprites/WheelPieces/rim.png
  artifactKey: Guid(6a6ff0610eff3814b951cf022dd3c142) Importer(815301076,1909f56bfc062723c751e8b465ee728b)
Start importing Assets/Sprites/WheelPieces/rim.png using Guid(6a6ff0610eff3814b951cf022dd3c142) Importer(815301076,1909f56bfc062723c751e8b465ee728b)  -> (artifact id: '142eb6a90f8d89c801790899b029ee3b') in 0.251959 seconds 
========================================================================
Received Import Request.
  Time since last request: 0.000027 seconds.
  path: Assets/Sprites/WheelPieces/dbluepiece.png
  artifactKey: Guid(2d73613ad0bd3534bb09fd51da28b0b0) Importer(815301076,1909f56bfc062723c751e8b465ee728b)
Start importing Assets/Sprites/WheelPieces/dbluepiece.png using Guid(2d73613ad0bd3534bb09fd51da28b0b0) Importer(815301076,1909f56bfc062723c751e8b465ee728b)  -> (artifact id: 'd9e815a03ff81dd35fba23b5414e095a') in 0.055481 seconds 
========================================================================
Received Import Request.
  Time since last request: 0.000041 seconds.
  path: Assets/Sprites/WheelPieces/redpiece.png
  artifactKey: Guid(2c1dfe3c3f204a74681c76bfc4b728d3) Importer(815301076,1909f56bfc062723c751e8b465ee728b)
Start importing Assets/Sprites/WheelPieces/redpiece.png using Guid(2c1dfe3c3f204a74681c76bfc4b728d3) Importer(815301076,1909f56bfc062723c751e8b465ee728b)  -> (artifact id: 'ce3507dc2e740cca2fd9e1c539ed2c89') in 0.048335 seconds 
========================================================================
Received Prepare
Registering precompiled user dll's ...
Registered in 0.016293 seconds.
Begin MonoManager ReloadAssembly
Symbol file LoadedFromMemory doesn't match image C:\demo\Library\PackageCache\com.unity.visualscripting@1.7.8\Editor\VisualScripting.Core\Dependencies\DotNetZip\Unity.VisualScripting.IonicZip.dll
Symbol file LoadedFromMemory doesn't match image C:\demo\Library\PackageCache\com.unity.visualscripting@1.7.8\Editor\VisualScripting.Core\Dependencies\YamlDotNet\Unity.VisualScripting.YamlDotNet.dll
Native extension for WindowsStandalone target not found
Native extension for Android target not found
Refreshing native plugins compatible for Editor in 1.68 ms, found 4 plugins.
Preloading 0 native plugins for Editor in 0.00 ms.
Mono: successfully reloaded assembly
- Completed reload, in  1.340 seconds
Domain Reload Profiling:
	ReloadAssembly (1340ms)
		BeginReloadAssembly (161ms)
			ExecutionOrderSort (0ms)
			DisableScriptedObjects (8ms)
			BackupInstance (0ms)
			ReleaseScriptingObjects (0ms)
			CreateAndSetChildDomain (48ms)
		EndReloadAssembly (1033ms)
			LoadAssemblies (129ms)
			RebuildTransferFunctionScriptingTraits (0ms)
			SetupTypeCache (294ms)
			ReleaseScriptCaches (1ms)
			RebuildScriptCaches (57ms)
			SetupLoadedEditorAssemblies (485ms)
				LogAssemblyErrors (0ms)
				InitializePlatformSupportModulesInManaged (27ms)
				SetLoadedEditorAssemblies (1ms)
				RefreshPlugins (2ms)
				BeforeProcessingInitializeOnLoad (108ms)
				ProcessInitializeOnLoadAttributes (282ms)
				ProcessInitializeOnLoadMethodAttributes (52ms)
				AfterProcessingInitializeOnLoad (13ms)
				EditorAssembliesLoaded (0ms)
			ExecutionOrderSort2 (0ms)
			AwakeInstancesAfterBackupRestoration (11ms)
Platform modules already initialized, skipping
Refreshing native plugins compatible for Editor in 13.44 ms, found 4 plugins.
Preloading 0 native plugins for Editor in 0.00 ms.
Unloading 4177 Unused Serialized files (Serialized files now loaded: 0)
Unloading 98 unused Assets / (193.5 KB). Loaded Objects now: 4611.
Memory consumption went from 159.8 MB to 159.7 MB.
Total: 7.134600 ms (FindLiveObjects: 0.423200 ms CreateObjectMapping: 0.332300 ms MarkObjects: 6.154800 ms  DeleteObjects: 0.222700 ms)

AssetImportParameters requested are different than current active one (requested -> active):
  custom:video-decoder-ogg-theora: a1e56fd34408186e4bbccfd4996cb3dc -> 
  custom:container-muxer-webm: aa71ff27fc2769a1b78a27578f13a17b -> 
  custom:container-demuxer-webm: 4f35f7cbe854078d1ac9338744f61a02 -> 
  custom:video-encoder-webm-vp8: eb34c28f22e8b96e1ab97ce403110664 -> 
  custom:audio-encoder-webm-vorbis: bf7c407c2cedff20999df2af8eb42d56 -> 
  custom:framework-win-MediaFoundation: 216162199b28c13a410421893ffa2e32 -> 
  custom:container-demuxer-ogg: 62fdf1f143b41e24485cea50d1cbac27 -> 
  custom:video-decoder-webm-vp8: 9c59270c3fd7afecdb556c50c9e8de78 -> 
  custom:audio-decoder-ogg-vorbis: bf7c407c2cedff20999df2af8eb42d56 -> 
========================================================================
Received Prepare
Registering precompiled user dll's ...
Registered in 0.013360 seconds.
Begin MonoManager ReloadAssembly
Symbol file LoadedFromMemory doesn't match image C:\demo\Library\PackageCache\com.unity.visualscripting@1.7.8\Editor\VisualScripting.Core\Dependencies\DotNetZip\Unity.VisualScripting.IonicZip.dll
Symbol file LoadedFromMemory doesn't match image C:\demo\Library\PackageCache\com.unity.visualscripting@1.7.8\Editor\VisualScripting.Core\Dependencies\YamlDotNet\Unity.VisualScripting.YamlDotNet.dll
Native extension for WindowsStandalone target not found
Native extension for Android target not found
Refreshing native plugins compatible for Editor in 1.57 ms, found 4 plugins.
Preloading 0 native plugins for Editor in 0.00 ms.
Mono: successfully reloaded assembly
- Completed reload, in  1.472 seconds
Domain Reload Profiling:
	ReloadAssembly (1473ms)
		BeginReloadAssembly (275ms)
			ExecutionOrderSort (0ms)
			DisableScriptedObjects (12ms)
			BackupInstance (0ms)
			ReleaseScriptingObjects (0ms)
			CreateAndSetChildDomain (118ms)
		EndReloadAssembly (1040ms)
			LoadAssemblies (155ms)
			RebuildTransferFunctionScriptingTraits (0ms)
			SetupTypeCache (329ms)
			ReleaseScriptCaches (2ms)
			RebuildScriptCaches (70ms)
			SetupLoadedEditorAssemblies (460ms)
				LogAssemblyErrors (0ms)
				InitializePlatformSupportModulesInManaged (27ms)
				SetLoadedEditorAssemblies (0ms)
				RefreshPlugins (2ms)
				BeforeProcessingInitializeOnLoad (96ms)
				ProcessInitializeOnLoadAttributes (274ms)
				ProcessInitializeOnLoadMethodAttributes (53ms)
				AfterProcessingInitializeOnLoad (8ms)
				EditorAssembliesLoaded (0ms)
			ExecutionOrderSort2 (0ms)
			AwakeInstancesAfterBackupRestoration (12ms)
Platform modules already initialized, skipping
Refreshing native plugins compatible for Editor in 10.34 ms, found 4 plugins.
Preloading 0 native plugins for Editor in 0.00 ms.
Unloading 4177 Unused Serialized files (Serialized files now loaded: 0)
Unloading 98 unused Assets / (193.7 KB). Loaded Objects now: 4614.
Memory consumption went from 159.8 MB to 159.7 MB.
Total: 6.186400 ms (FindLiveObjects: 0.662600 ms CreateObjectMapping: 0.333900 ms MarkObjects: 4.851500 ms  DeleteObjects: 0.335200 ms)

AssetImportParameters requested are different than current active one (requested -> active):
  custom:video-decoder-ogg-theora: a1e56fd34408186e4bbccfd4996cb3dc -> 
  custom:container-muxer-webm: aa71ff27fc2769a1b78a27578f13a17b -> 
  custom:container-demuxer-webm: 4f35f7cbe854078d1ac9338744f61a02 -> 
  custom:video-encoder-webm-vp8: eb34c28f22e8b96e1ab97ce403110664 -> 
  custom:audio-encoder-webm-vorbis: bf7c407c2cedff20999df2af8eb42d56 -> 
  custom:framework-win-MediaFoundation: 216162199b28c13a410421893ffa2e32 -> 
  custom:container-demuxer-ogg: 62fdf1f143b41e24485cea50d1cbac27 -> 
  custom:video-decoder-webm-vp8: 9c59270c3fd7afecdb556c50c9e8de78 -> 
  custom:audio-decoder-ogg-vorbis: bf7c407c2cedff20999df2af8eb42d56 -> 
========================================================================
Received Import Request.
  Time since last request: 29061.823334 seconds.
  path: Assets/GameManager.cs
  artifactKey: Guid(4f656561b59ceae4ab44f2916c4ce5d6) Importer(815301076,1909f56bfc062723c751e8b465ee728b)
Start importing Assets/GameManager.cs using Guid(4f656561b59ceae4ab44f2916c4ce5d6) Importer(815301076,1909f56bfc062723c751e8b465ee728b)  -> (artifact id: '3af8f3b32d87aba18e203f32cbfc0187') in 0.041344 seconds 
========================================================================
Received Prepare
Refreshing native plugins compatible for Editor in 26.81 ms, found 4 plugins.
Preloading 0 native plugins for Editor in 0.00 ms.
Unloading 98 Unused Serialized files (Serialized files now loaded: 0)
Unloading 98 unused Assets / (191.0 KB). Loaded Objects now: 4614.
Memory consumption went from 78.3 MB to 78.1 MB.
Total: 63.846800 ms (FindLiveObjects: 0.604700 ms CreateObjectMapping: 0.238100 ms MarkObjects: 61.770900 ms  DeleteObjects: 1.232000 ms)

AssetImportParameters requested are different than current active one (requested -> active):
  custom:video-decoder-ogg-theora: a1e56fd34408186e4bbccfd4996cb3dc -> 
  custom:container-muxer-webm: aa71ff27fc2769a1b78a27578f13a17b -> 
  custom:container-demuxer-webm: 4f35f7cbe854078d1ac9338744f61a02 -> 
  custom:video-encoder-webm-vp8: eb34c28f22e8b96e1ab97ce403110664 -> 
  custom:audio-encoder-webm-vorbis: bf7c407c2cedff20999df2af8eb42d56 -> 
  custom:framework-win-MediaFoundation: 216162199b28c13a410421893ffa2e32 -> 
  custom:container-demuxer-ogg: 62fdf1f143b41e24485cea50d1cbac27 -> 
  custom:video-decoder-webm-vp8: 9c59270c3fd7afecdb556c50c9e8de78 -> 
  custom:audio-decoder-ogg-vorbis: bf7c407c2cedff20999df2af8eb42d56 -> 
========================================================================
Received Prepare
Refreshing native plugins compatible for Editor in 21.14 ms, found 4 plugins.
Preloading 0 native plugins for Editor in 0.00 ms.
Unloading 98 Unused Serialized files (Serialized files now loaded: 0)
Unloading 98 unused Assets / (191.1 KB). Loaded Objects now: 4614.
Memory consumption went from 78.3 MB to 78.1 MB.
Total: 3.793800 ms (FindLiveObjects: 0.285200 ms CreateObjectMapping: 0.200700 ms MarkObjects: 3.091700 ms  DeleteObjects: 0.215700 ms)

AssetImportParameters requested are different than current active one (requested -> active):
  custom:video-decoder-ogg-theora: a1e56fd34408186e4bbccfd4996cb3dc -> 
  custom:container-muxer-webm: aa71ff27fc2769a1b78a27578f13a17b -> 
  custom:container-demuxer-webm: 4f35f7cbe854078d1ac9338744f61a02 -> 
  custom:video-encoder-webm-vp8: eb34c28f22e8b96e1ab97ce403110664 -> 
  custom:audio-encoder-webm-vorbis: bf7c407c2cedff20999df2af8eb42d56 -> 
  custom:framework-win-MediaFoundation: 216162199b28c13a410421893ffa2e32 -> 
  custom:container-demuxer-ogg: 62fdf1f143b41e24485cea50d1cbac27 -> 
  custom:video-decoder-webm-vp8: 9c59270c3fd7afecdb556c50c9e8de78 -> 
  custom:audio-decoder-ogg-vorbis: bf7c407c2cedff20999df2af8eb42d56 -> 
========================================================================
Received Import Request.
  Time since last request: 2730.784184 seconds.
  path: Assets/GoogleMobileAds/Resources/GoogleMobileAdsSettings.asset
  artifactKey: Guid(73336d2a84bd41842b37df1ff4420c05) Importer(815301076,1909f56bfc062723c751e8b465ee728b)
Start importing Assets/GoogleMobileAds/Resources/GoogleMobileAdsSettings.asset using Guid(73336d2a84bd41842b37df1ff4420c05) Importer(815301076,1909f56bfc062723c751e8b465ee728b)  -> (artifact id: '52db69844be1a826af1843d61820339f') in 0.560223 seconds 
========================================================================
Received Import Request.
  Time since last request: 932.962247 seconds.
  path: Assets/Plugins/Android
  artifactKey: Guid(9ef035aa2b0ce6141841cc7b10ff603e) Importer(815301076,1909f56bfc062723c751e8b465ee728b)
Start importing Assets/Plugins/Android using Guid(9ef035aa2b0ce6141841cc7b10ff603e) Importer(815301076,1909f56bfc062723c751e8b465ee728b)  -> (artifact id: 'a6692cabf590a63439d29dc95903921b') in 0.011972 seconds 
========================================================================
Received Import Request.
  Time since last request: 10.914439 seconds.
  path: Assets/Plugins/Android/GoogleMobileAdsPlugin.androidlib
  artifactKey: Guid(5a0bb26a4b55c974396fea5769169d66) Importer(815301076,1909f56bfc062723c751e8b465ee728b)
Start importing Assets/Plugins/Android/GoogleMobileAdsPlugin.androidlib using Guid(5a0bb26a4b55c974396fea5769169d66) Importer(815301076,1909f56bfc062723c751e8b465ee728b)  -> (artifact id: '4e75c4d2806b1e8179818288e3e01d2e') in 0.005456 seconds 
========================================================================
Received Import Request.
  Time since last request: 5.398584 seconds.
  path: Assets/GoogleMobileAds/Resources
  artifactKey: Guid(9b7a08b101bb2d6448edc0637b9458a3) Importer(815301076,1909f56bfc062723c751e8b465ee728b)
Start importing Assets/GoogleMobileAds/Resources using Guid(9b7a08b101bb2d6448edc0637b9458a3) Importer(815301076,1909f56bfc062723c751e8b465ee728b)  -> (artifact id: '3a199bc4e97b60a9974577e8c57e763e') in 0.005785 seconds 
========================================================================
Received Import Request.
  Time since last request: 1.675676 seconds.
  path: Assets/GoogleMobileAds/Editor
  artifactKey: Guid(76d528052e259e6469069ba9fccadc6b) Importer(815301076,1909f56bfc062723c751e8b465ee728b)
Start importing Assets/GoogleMobileAds/Editor using Guid(76d528052e259e6469069ba9fccadc6b) Importer(815301076,1909f56bfc062723c751e8b465ee728b)  -> (artifact id: '5774e90fc797863e88c2c36170589d26') in 0.006986 seconds 
========================================================================
Received Import Request.
  Time since last request: 0.064046 seconds.
  path: Assets/GoogleMobileAds/Editor/GoogleMobileAds.Editor.asmdef
  artifactKey: Guid(cbb42e4cfd9484f52972c8f05e1c3252) Importer(815301076,1909f56bfc062723c751e8b465ee728b)
Start importing Assets/GoogleMobileAds/Editor/GoogleMobileAds.Editor.asmdef using Guid(cbb42e4cfd9484f52972c8f05e1c3252) Importer(815301076,1909f56bfc062723c751e8b465ee728b)  -> (artifact id: '55a1b075634e4278a43d16ab28702353') in 0.008527 seconds 
========================================================================
Received Import Request.
  Time since last request: 1.797826 seconds.
  path: Assets/GoogleMobileAds/Editor/Resources
  artifactKey: Guid(f048e04cbdb134747ae504b417732916) Importer(815301076,1909f56bfc062723c751e8b465ee728b)
Start importing Assets/GoogleMobileAds/Editor/Resources using Guid(f048e04cbdb134747ae504b417732916) Importer(815301076,1909f56bfc062723c751e8b465ee728b)  -> (artifact id: '397c56663ee11e63869de35dc5121d74') in 0.002400 seconds 
========================================================================
Received Import Request.
  Time since last request: 3.331232 seconds.
  path: Assets/ExternalDependencyManager/Editor
  artifactKey: Guid(f6c6b4c9d6767214d9ea436a73cbd053) Importer(815301076,1909f56bfc062723c751e8b465ee728b)
Start importing Assets/ExternalDependencyManager/Editor using Guid(f6c6b4c9d6767214d9ea436a73cbd053) Importer(815301076,1909f56bfc062723c751e8b465ee728b)  -> (artifact id: 'e9ae7771cd24605711e9cc0c3826200a') in 0.002390 seconds 
========================================================================
Received Import Request.
  Time since last request: 16.578508 seconds.
  path: Assets/Sounds/bomb.wav
  artifactKey: Guid(c465d3cd231d10040a684a1a64c7267f) Importer(815301076,1909f56bfc062723c751e8b465ee728b)
Start importing Assets/Sounds/bomb.wav using Guid(c465d3cd231d10040a684a1a64c7267f) Importer(815301076,1909f56bfc062723c751e8b465ee728b)  -> (artifact id: '2db0bb33f350dfe024dcc47827deccb7') in 0.819402 seconds 
========================================================================
Received Import Request.
  Time since last request: 0.000023 seconds.
  path: Assets/Sounds/won.ogg
  artifactKey: Guid(3b2aa21da7058794c8a7f50e1f195919) Importer(815301076,1909f56bfc062723c751e8b465ee728b)
Start importing Assets/Sounds/won.ogg using Guid(3b2aa21da7058794c8a7f50e1f195919) Importer(815301076,1909f56bfc062723c751e8b465ee728b)  -> (artifact id: 'a19236a1eb01d66006f33573f8f7ab0f') in 0.032555 seconds 
========================================================================
Received Import Request.
  Time since last request: 0.000179 seconds.
  path: Assets/Sounds/wheel.wav
  artifactKey: Guid(0c5dd84f95f461049836b70485f95fca) Importer(815301076,1909f56bfc062723c751e8b465ee728b)
Start importing Assets/Sounds/wheel.wav using Guid(0c5dd84f95f461049836b70485f95fca) Importer(815301076,1909f56bfc062723c751e8b465ee728b)  -> (artifact id: '529416f5ef426cc1ba3f3b951392801f') in 0.025788 seconds 
========================================================================
Received Import Request.
  Time since last request: 0.000022 seconds.
  path: Assets/Sounds/confirm.ogg
  artifactKey: Guid(8bf3ebe251d0ee14197dff698882ca98) Importer(815301076,1909f56bfc062723c751e8b465ee728b)
Start importing Assets/Sounds/confirm.ogg using Guid(8bf3ebe251d0ee14197dff698882ca98) Importer(815301076,1909f56bfc062723c751e8b465ee728b)  -> (artifact id: 'e21f6526e6eed8cb72d64c85d772eb60') in 0.022561 seconds 
========================================================================
Received Import Request.
  Time since last request: 0.000043 seconds.
  path: Assets/Sounds/click.ogg
  artifactKey: Guid(9b992cfc329c446408c82c397b0afedc) Importer(815301076,1909f56bfc062723c751e8b465ee728b)
Start importing Assets/Sounds/click.ogg using Guid(9b992cfc329c446408c82c397b0afedc) Importer(815301076,1909f56bfc062723c751e8b465ee728b)  -> (artifact id: '8fc57293b2ac402a85d4ee9891a25fda') in 0.024459 seconds 
Editor requested this worker to shutdown with reason: Scaling down because of idle timeout
AssetImportWorker is now disconnected from the server
Process exiting
Exiting without the bug reporter. Application will terminate with return code 0